[0]  2023-09-24 23:56:32,909 libensemble.libE (INFO): Logger initializing: [workerID] precedes each line. [0] = Manager
[0]  2023-09-24 23:56:32,911 libensemble.libE (INFO): libE version v0.9.1
[0]  2023-09-24 23:56:32,913 libensemble.manager (INFO): Manager initiated on node ozges-MacBook-Pro.local
[0]  2023-09-24 23:56:32,913 libensemble.manager (INFO): Manager exit_criteria: {'sim_max': 51}
[1]  2023-09-24 23:56:32,914 libensemble.worker (INFO): Worker 1 initiated on node ozges-MacBook-Pro.local
[2]  2023-09-24 23:56:32,915 libensemble.worker (INFO): Worker 2 initiated on node ozges-MacBook-Pro.local
[0]  2023-09-24 23:57:34,055 libensemble.manager (INFO): Term test tripped: sim_max
[0]  2023-09-24 23:57:34,055 libensemble.manager (INFO): Term test tripped: sim_max
[0]  2023-09-24 23:57:34,060 libensemble.libE (INFO): Manager total time: 61.147
[0]  2023-09-24 23:57:34,101 libensemble.libE (INFO): Logger initializing: [workerID] precedes each line. [0] = Manager
[0]  2023-09-24 23:57:34,102 libensemble.libE (INFO): libE version v0.9.1
[0]  2023-09-24 23:57:34,105 libensemble.manager (INFO): Manager initiated on node ozges-MacBook-Pro.local
[0]  2023-09-24 23:57:34,105 libensemble.manager (INFO): Manager exit_criteria: {'sim_max': 51}
[1]  2023-09-24 23:57:34,105 libensemble.worker (INFO): Worker 1 initiated on node ozges-MacBook-Pro.local
[2]  2023-09-24 23:57:34,107 libensemble.worker (INFO): Worker 2 initiated on node ozges-MacBook-Pro.local
[0]  2023-09-24 23:58:21,764 libensemble.manager (INFO): Term test tripped: sim_max
[0]  2023-09-24 23:58:21,764 libensemble.manager (INFO): Term test tripped: sim_max
[0]  2023-09-24 23:58:21,767 libensemble.libE (INFO): Manager total time: 47.662
[0]  2023-09-24 23:58:21,810 libensemble.libE (INFO): Logger initializing: [workerID] precedes each line. [0] = Manager
[0]  2023-09-24 23:58:21,811 libensemble.libE (INFO): libE version v0.9.1
[0]  2023-09-24 23:58:21,814 libensemble.manager (INFO): Manager initiated on node ozges-MacBook-Pro.local
[0]  2023-09-24 23:58:21,814 libensemble.manager (INFO): Manager exit_criteria: {'sim_max': 51}
[2]  2023-09-24 23:58:21,817 libensemble.worker (INFO): Worker 2 initiated on node ozges-MacBook-Pro.local
[1]  2023-09-24 23:58:21,815 libensemble.worker (INFO): Worker 1 initiated on node ozges-MacBook-Pro.local
[0]  2023-09-24 23:59:09,952 libensemble.manager (INFO): Term test tripped: sim_max
[0]  2023-09-24 23:59:09,952 libensemble.manager (INFO): Term test tripped: sim_max
[0]  2023-09-24 23:59:09,954 libensemble.libE (INFO): Manager total time: 48.14
